# JRE version: Java(TM) SE Runtime Environment (21.0.2+13) (build 21.0.2+13-LTS-58)
# Java VM: Java HotSpot(TM) 64-Bit Server VM (21.0.2+13-LTS-58, mixed mode, sharing, tiered, compressed oops, compressed class ptrs, g1 gc, bsd-aarch64)
Heap:
 garbage-first heap   total 275456K, used 250593K [0x0000000780000000, 0x0000000800000000)
  region size 1024K, 146 young (149504K), 5 survivors (5120K)
 Metaspace       used 12644K, committed 12928K, reserved 1114112K
  class space    used 1287K, committed 1408K, reserved 1048576K
GC Heap History (20 events):
Event: 549.089 GC heap before
{Heap before GC invocations=220 (full 0):
 garbage-first heap   total 275456K, used 253270K [0x0000000780000000, 0x0000000800000000)
  region size 1024K, 152 young (155648K), 5 survivors (5120K)
 Metaspace       used 12644K, committed 12928K, reserved 1114112K
  class space    used 1287K, committed 1408K, reserved 1048576K
}
Event: 549.144 GC heap after
{Heap after GC invocations=221 (full 0):
 garbage-first heap   total 275456K, used 104203K [0x0000000780000000, 0x0000000800000000)
  region size 1024K, 5 young (5120K), 5 survivors (5120K)
 Metaspace       used 12644K, committed 12928K, reserved 1114112K
  class space    used 1287K, committed 1408K, reserved 1048576K
}
Event: 552.540 GC heap before
{Heap before GC invocations=222 (full 0):
 garbage-first heap   total 275456K, used 254731K [0x0000000780000000, 0x0000000800000000)
  region size 1024K, 152 young (155648K), 5 survivors (5120K)
 Metaspace       used 12644K, committed 12928K, reserved 1114112K
  class space    used 1287K, committed 1408K, reserved 1048576K
}
Event: 552.541 GC heap after
{Heap after GC invocations=223 (full 0):
 garbage-first heap   total 275456K, used 104148K [0x0000000780000000, 0x0000000800000000)
  region size 1024K, 5 young (5120K), 5 survivors (5120K)
 Metaspace       used 12644K, committed 12928K, reserved 1114112K
  class space    used 1287K, committed 1408K, reserved 1048576K
}
Event: 555.930 GC heap before
{Heap before GC invocations=223 (full 0):
 garbage-first heap   total 275456K, used 254676K [0x0000000780000000, 0x0000000800000000)
  region size 1024K, 152 young (155648K), 5 survivors (5120K)
 Metaspace       used 12644K, committed 12928K, reserved 1114112K
  class space    used 1287K, committed 1408K, reserved 1048576K
}
Event: 555.932 GC heap after
{Heap after GC invocations=224 (full 0):
 garbage-first heap   total 275456K, used 104474K [0x0000000780000000, 0x0000000800000000)
  region size 1024K, 5 young (5120K), 5 survivors (5120K)
 Metaspace       used 12644K, committed 12928K, reserved 1114112K
  class space    used 1287K, committed 1408K, reserved 1048576K
}
Event: 559.320 GC heap before
{Heap before GC invocations=225 (full 0):
 garbage-first heap   total 275456K, used 253978K [0x0000000780000000, 0x0000000800000000)
  region size 1024K, 152 young (155648K), 5 survivors (5120K)
 Metaspace       used 12644K, committed 12928K, reserved 1114112K
  class space    used 1287K, committed 1408K, reserved 1048576K
}
Event: 559.322 GC heap after
{Heap after GC invocations=226 (full 0):
 garbage-first heap   total 275456K, used 105106K [0x0000000780000000, 0x0000000800000000)
  region size 1024K, 5 young (5120K), 5 survivors (5120K)
 Metaspace       used 12644K, committed 12928K, reserved 1114112K
  class space    used 1287K, committed 1408K, reserved 1048576K
}
Event: 562.607 GC heap before
{Heap before GC invocations=226 (full 0):
 garbage-first heap   total 275456K, used 254610K [0x0000000780000000, 0x0000000800000000)
  region size 1024K, 151 young (154624K), 5 survivors (5120K)
 Metaspace       used 12644K, committed 12928K, reserved 1114112K
  class space    used 1287K, committed 1408K, reserved 1048576K
}
Event: 562.611 GC heap after
{Heap after GC invocations=227 (full 0):
 garbage-first heap   total 275456K, used 105408K [0x0000000780000000, 0x0000000800000000)
  region size 1024K, 5 young (5120K), 5 survivors (5120K)
 Metaspace       used 12644K, committed 12928K, reserved 1114112K
  class space    used 1287K, committed 1408K, reserved 1048576K
}
Event: 565.974 GC heap before
{Heap before GC invocations=228 (full 0):
 garbage-first heap   total 275456K, used 254912K [0x0000000780000000, 0x0000000800000000)
  region size 1024K, 151 young (154624K), 5 survivors (5120K)
 Metaspace       used 12644K, committed 12928K, reserved 1114112K
  class space    used 1287K, committed 1408K, reserved 1048576K
}
Event: 565.977 GC heap after
{Heap after GC invocations=229 (full 0):
 garbage-first heap   total 275456K, used 105850K [0x0000000780000000, 0x0000000800000000)
  region size 1024K, 5 young (5120K), 5 survivors (5120K)
 Metaspace       used 12644K, committed 12928K, reserved 1114112K
  class space    used 1287K, committed 1408K, reserved 1048576K
}
Event: 569.330 GC heap before
{Heap before GC invocations=229 (full 0):
 garbage-first heap   total 275456K, used 255354K [0x0000000780000000, 0x0000000800000000)
  region size 1024K, 151 young (154624K), 5 survivors (5120K)
 Metaspace       used 12644K, committed 12928K, reserved 1114112K
  class space    used 1287K, committed 1408K, reserved 1048576K
}
Event: 569.332 GC heap after
{Heap after GC invocations=230 (full 0):
 garbage-first heap   total 275456K, used 105721K [0x0000000780000000, 0x0000000800000000)
  region size 1024K, 5 young (5120K), 5 survivors (5120K)
 Metaspace       used 12644K, committed 12928K, reserved 1114112K
  class space    used 1287K, committed 1408K, reserved 1048576K
}
Event: 572.677 GC heap before
{Heap before GC invocations=231 (full 0):
 garbage-first heap   total 275456K, used 254201K [0x0000000780000000, 0x0000000800000000)
  region size 1024K, 150 young (153600K), 5 survivors (5120K)
 Metaspace       used 12644K, committed 12928K, reserved 1114112K
  class space    used 1287K, committed 1408K, reserved 1048576K
}
Event: 572.678 GC heap after
{Heap after GC invocations=232 (full 0):
 garbage-first heap   total 275456K, used 105759K [0x0000000780000000, 0x0000000800000000)
  region size 1024K, 4 young (4096K), 4 survivors (4096K)
 Metaspace       used 12644K, committed 12928K, reserved 1114112K
  class space    used 1287K, committed 1408K, reserved 1048576K
}
Event: 576.075 GC heap before
{Heap before GC invocations=232 (full 0):
 garbage-first heap   total 275456K, used 256287K [0x0000000780000000, 0x0000000800000000)
  region size 1024K, 151 young (154624K), 4 survivors (4096K)
 Metaspace       used 12644K, committed 12928K, reserved 1114112K
  class space    used 1287K, committed 1408K, reserved 1048576K
}
Event: 576.078 GC heap after
{Heap after GC invocations=233 (full 0):
 garbage-first heap   total 275456K, used 106090K [0x0000000780000000, 0x0000000800000000)
  region size 1024K, 5 young (5120K), 5 survivors (5120K)
 Metaspace       used 12644K, committed 12928K, reserved 1114112K
  class space    used 1287K, committed 1408K, reserved 1048576K
}
Event: 579.410 GC heap before
{Heap before GC invocations=234 (full 0):
 garbage-first heap   total 275456K, used 254570K [0x0000000780000000, 0x0000000800000000)
  region size 1024K, 150 young (153600K), 5 survivors (5120K)
 Metaspace       used 12644K, committed 12928K, reserved 1114112K
  class space    used 1287K, committed 1408K, reserved 1048576K
}
Event: 579.414 GC heap after
{Heap after GC invocations=235 (full 0):
 garbage-first heap   total 275456K, used 106719K [0x0000000780000000, 0x0000000800000000)
  region size 1024K, 5 young (5120K), 5 survivors (5120K)
 Metaspace       used 12644K, committed 12928K, reserved 1114112K
  class space    used 1287K, committed 1408K, reserved 1048576K
}

